mode: set
backend-gobarber-golang/internal/model/appointment.go:21.65,25.2 3 0
backend-gobarber-golang/internal/model/appointment.go:27.77,33.2 1 0
backend-gobarber-golang/internal/model/notification.go:19.76,26.2 1 0
backend-gobarber-golang/internal/model/user.go:20.51,24.2 3 0
backend-gobarber-golang/internal/model/user.go:26.64,32.2 1 1
backend-gobarber-golang/internal/model/user_tokens.go:19.61,24.2 4 0
backend-gobarber-golang/internal/model/user_tokens.go:26.45,30.2 1 1
backend-gobarber-golang/internal/service/create_appointment_service.go:28.29,34.2 1 0
backend-gobarber-golang/internal/service/create_appointment_service.go:36.119,37.39 1 1
backend-gobarber-golang/internal/service/create_appointment_service.go:44.2,47.16 3 1
backend-gobarber-golang/internal/service/create_appointment_service.go:54.2,54.39 1 1
backend-gobarber-golang/internal/service/create_appointment_service.go:61.2,61.30 1 1
backend-gobarber-golang/internal/service/create_appointment_service.go:68.2,70.23 2 1
backend-gobarber-golang/internal/service/create_appointment_service.go:77.2,81.48 3 1
backend-gobarber-golang/internal/service/create_appointment_service.go:88.2,98.16 6 1
backend-gobarber-golang/internal/service/create_appointment_service.go:106.2,110.25 3 1
backend-gobarber-golang/internal/service/create_appointment_service.go:37.39,42.3 1 1
backend-gobarber-golang/internal/service/create_appointment_service.go:47.16,52.3 1 0
backend-gobarber-golang/internal/service/create_appointment_service.go:54.39,59.3 1 1
backend-gobarber-golang/internal/service/create_appointment_service.go:61.30,66.3 1 1
backend-gobarber-golang/internal/service/create_appointment_service.go:70.23,75.3 1 1
backend-gobarber-golang/internal/service/create_appointment_service.go:81.48,86.3 1 1
backend-gobarber-golang/internal/service/create_appointment_service.go:98.16,104.3 2 1
backend-gobarber-golang/internal/service/create_users_service.go:16.91,20.2 1 0
backend-gobarber-golang/internal/service/create_users_service.go:22.107,25.24 2 1
backend-gobarber-golang/internal/service/create_users_service.go:32.2,33.16 2 1
backend-gobarber-golang/internal/service/create_users_service.go:37.2,43.29 4 1
backend-gobarber-golang/internal/service/create_users_service.go:25.24,30.3 1 1
backend-gobarber-golang/internal/service/create_users_service.go:33.16,35.3 1 0
backend-gobarber-golang/internal/service/jwt_service.go:17.34,23.2 2 0
backend-gobarber-golang/internal/service/jwt_service.go:30.60,45.16 4 1
backend-gobarber-golang/internal/service/jwt_service.go:48.2,48.10 1 1
backend-gobarber-golang/internal/service/jwt_service.go:45.16,46.13 1 0
backend-gobarber-golang/internal/service/jwt_service.go:51.82,52.76 1 1
backend-gobarber-golang/internal/service/jwt_service.go:52.76,54.58 1 1
backend-gobarber-golang/internal/service/jwt_service.go:58.3,58.40 1 1
backend-gobarber-golang/internal/service/jwt_service.go:54.58,56.4 1 0
backend-gobarber-golang/internal/service/list_provider_appointments_service.go:16.171,21.2 1 0
backend-gobarber-golang/internal/service/list_provider_appointments_service.go:23.115,25.2 1 1
backend-gobarber-golang/internal/service/send_forgot_password_email_service.go:28.35,35.2 1 0
backend-gobarber-golang/internal/service/send_forgot_password_email_service.go:37.93,40.22 2 1
backend-gobarber-golang/internal/service/send_forgot_password_email_service.go:47.2,68.16 8 0
backend-gobarber-golang/internal/service/send_forgot_password_email_service.go:73.2,73.12 1 0
backend-gobarber-golang/internal/service/send_forgot_password_email_service.go:40.22,45.3 1 1
backend-gobarber-golang/internal/service/send_forgot_password_email_service.go:68.16,71.3 2 0
backend-gobarber-golang/internal/service/authenticate_user_service.go:16.125,21.2 1 0
backend-gobarber-golang/internal/service/authenticate_user_service.go:23.123,26.22 2 1
backend-gobarber-golang/internal/service/authenticate_user_service.go:33.2,33.58 1 1
backend-gobarber-golang/internal/service/authenticate_user_service.go:40.2,47.22 4 1
backend-gobarber-golang/internal/service/authenticate_user_service.go:26.22,31.3 1 1
backend-gobarber-golang/internal/service/authenticate_user_service.go:33.58,38.3 1 1
backend-gobarber-golang/internal/service/show_profile_service.go:15.91,19.2 1 0
backend-gobarber-golang/internal/service/show_profile_service.go:21.89,22.27 1 1
backend-gobarber-golang/internal/service/show_profile_service.go:29.2,31.24 2 1
backend-gobarber-golang/internal/service/show_profile_service.go:38.2,41.18 2 1
backend-gobarber-golang/internal/service/show_profile_service.go:22.27,27.3 1 1
backend-gobarber-golang/internal/service/show_profile_service.go:31.24,36.3 1 1
backend-gobarber-golang/internal/service/update_profile_service.go:15.95,19.2 1 0
backend-gobarber-golang/internal/service/update_profile_service.go:21.127,22.27 1 1
backend-gobarber-golang/internal/service/update_profile_service.go:29.2,31.22 2 1
backend-gobarber-golang/internal/service/update_profile_service.go:38.2,40.78 2 1
backend-gobarber-golang/internal/service/update_profile_service.go:47.2,50.65 3 1
backend-gobarber-golang/internal/service/update_profile_service.go:57.2,58.16 2 1
backend-gobarber-golang/internal/service/update_profile_service.go:62.2,69.26 4 1
backend-gobarber-golang/internal/service/update_profile_service.go:22.27,27.3 1 1
backend-gobarber-golang/internal/service/update_profile_service.go:31.22,36.3 1 1
backend-gobarber-golang/internal/service/update_profile_service.go:40.78,45.3 1 1
backend-gobarber-golang/internal/service/update_profile_service.go:50.65,55.3 1 1
backend-gobarber-golang/internal/service/update_profile_service.go:58.16,60.3 1 0
backend-gobarber-golang/internal/service/update_user_avatar_service.go:17.151,22.2 1 0
backend-gobarber-golang/internal/service/update_user_avatar_service.go:24.111,25.27 1 1
backend-gobarber-golang/internal/service/update_user_avatar_service.go:32.2,34.22 2 1
backend-gobarber-golang/internal/service/update_user_avatar_service.go:41.2,41.23 1 1
backend-gobarber-golang/internal/service/update_user_avatar_service.go:45.2,54.26 5 1
backend-gobarber-golang/internal/service/update_user_avatar_service.go:25.27,30.3 1 1
backend-gobarber-golang/internal/service/update_user_avatar_service.go:34.22,39.3 1 1
backend-gobarber-golang/internal/service/update_user_avatar_service.go:41.23,43.3 1 0
